2024-10-11 10:01:05 0 [Note] Starting MariaDB 10.4.32-MariaDB source revision c4143f909528e3fab0677a28631d10389354c491 as process 6204
2024-10-11 10:01:05 0 [Note] InnoDB: Mutexes and rw_locks use Windows interlocked functions
2024-10-11 10:01:05 0 [Note] InnoDB: Uses event mutexes
2024-10-11 10:01:05 0 [Note] InnoDB: Compressed tables use zlib 1.3
2024-10-11 10:01:05 0 [Note] InnoDB: Number of pools: 1
2024-10-11 10:01:05 0 [Note] InnoDB: Using SSE2 crc32 instructions
2024-10-11 10:01:05 0 [Note] InnoDB: Initializing buffer pool, total size = 16M, instances = 1, chunk size = 16M
2024-10-11 10:01:05 0 [Note] InnoDB: Completed initialization of buffer pool
2024-10-11 10:01:05 0 [Note] InnoDB: Starting crash recovery from checkpoint LSN=300288
2024-10-11 10:01:06 0 [Note] InnoDB: 128 out of 128 rollback segments are active.
2024-10-11 10:01:06 0 [Note] InnoDB: Removed temporary tablespace data file: "ibtmp1"
2024-10-11 10:01:06 0 [Note] InnoDB: Creating shared tablespace for temporary tables
2024-10-11 10:01:06 0 [Note] InnoDB: Setting file '\xampp\mysql\data\ibtmp1' size to 12 MB. Physically writing the file full; Please wait ...
2024-10-11 10:01:06 0 [Note] InnoDB: File '\xampp\mysql\data\ibtmp1' size is now 12 MB.
2024-10-11 10:01:06 0 [Note] InnoDB: Waiting for purge to start
2024-10-11 10:01:06 0 [Note] InnoDB: 10.4.32 started; log sequence number 300297; transaction id 170
2024-10-11 10:01:06 0 [Note] InnoDB: Loading buffer pool(s) from C:\xampp\mysql\data\ib_buffer_pool
2024-10-11 10:01:06 0 [Note] Plugin 'FEEDBACK' is disabled.
2024-10-11 10:01:06 0 [Note] InnoDB: Buffer pool(s) load completed at 241011 10:01:06
2024-10-11 10:01:06 0 [Note] Server socket created on IP: '::'.
2024-10-11 10:30:43 0 [Note] Starting MariaDB 10.4.32-MariaDB source revision c4143f909528e3fab0677a28631d10389354c491 as process 2268
2024-10-11 10:30:43 0 [Note] InnoDB: Mutexes and rw_locks use Windows interlocked functions
2024-10-11 10:30:43 0 [Note] InnoDB: Uses event mutexes
2024-10-11 10:30:43 0 [Note] InnoDB: Compressed tables use zlib 1.3
2024-10-11 10:30:43 0 [Note] InnoDB: Number of pools: 1
2024-10-11 10:30:43 0 [Note] InnoDB: Using SSE2 crc32 instructions
2024-10-11 10:30:43 0 [Note] InnoDB: Initializing buffer pool, total size = 16M, instances = 1, chunk size = 16M
2024-10-11 10:30:43 0 [Note] InnoDB: Completed initialization of buffer pool
2024-10-11 10:30:43 0 [Note] InnoDB: Starting crash recovery from checkpoint LSN=300306
2024-10-11 10:30:43 0 [Note] InnoDB: 128 out of 128 rollback segments are active.
2024-10-11 10:30:43 0 [Note] InnoDB: Removed temporary tablespace data file: "ibtmp1"
2024-10-11 10:30:43 0 [Note] InnoDB: Creating shared tablespace for temporary tables
2024-10-11 10:30:43 0 [Note] InnoDB: Setting file '\xampp\mysql\data\ibtmp1' size to 12 MB. Physically writing the file full; Please wait ...
2024-10-11 10:30:43 0 [Note] InnoDB: File '\xampp\mysql\data\ibtmp1' size is now 12 MB.
2024-10-11 10:30:43 0 [Note] InnoDB: Waiting for purge to start
2024-10-11 10:30:43 0 [Note] InnoDB: 10.4.32 started; log sequence number 300315; transaction id 170
2024-10-11 10:30:43 0 [Note] InnoDB: Loading buffer pool(s) from C:\xampp\mysql\data\ib_buffer_pool
2024-10-11 10:30:43 0 [Note] Plugin 'FEEDBACK' is disabled.
2024-10-11 10:30:43 0 [Note] Server socket created on IP: '::'.
2024-10-11 10:30:43 0 [Note] InnoDB: Buffer pool(s) load completed at 241011 10:30:43
2024-10-11 10:30:43 0 [Note] Reading of all Master_info entries succeeded
2024-10-11 10:30:43 0 [Note] Added new Master_info '' to hash table
2024-10-11 10:30:43 0 [Note] C:\xampp\mysql\bin\mysqld.exe: ready for connections.
Version: '10.4.32-MariaDB'  socket: ''  port: 3306  mariadb.org binary distribution
2024-10-11 10:32:27 0 [Note] C:\xampp\mysql\bin\mysqld.exe (initiated by: unknown): Normal shutdown
2024-10-11 10:32:27 0 [Note] Event Scheduler: Purging the queue. 0 events
2024-10-11 10:32:27 0 [Note] InnoDB: FTS optimize thread exiting.
2024-10-11 10:32:27 0 [Note] InnoDB: Starting shutdown...
2024-10-11 10:32:27 0 [Note] InnoDB: Dumping buffer pool(s) to C:\xampp\mysql\data\ib_buffer_pool
2024-10-11 10:32:27 0 [Note] InnoDB: Instance 0, restricted to 250 pages due to innodb_buf_pool_dump_pct=25
2024-10-11 10:32:27 0 [Note] InnoDB: Buffer pool(s) dump completed at 241011 10:32:27
2024-10-11 10:32:28 0 [Note] InnoDB: Removed temporary tablespace data file: "ibtmp1"
2024-10-11 10:32:28 0 [Note] InnoDB: Shutdown completed; log sequence number 300333; transaction id 171
2024-10-11 10:32:28 0 [Note] C:\xampp\mysql\bin\mysqld.exe: Shutdown complete

2024-10-11 10:32:42 0 [Note] Starting MariaDB 10.4.32-MariaDB source revision c4143f909528e3fab0677a28631d10389354c491 as process 6512
2024-10-11 10:32:42 0 [Note] InnoDB: Mutexes and rw_locks use Windows interlocked functions
2024-10-11 10:32:42 0 [Note] InnoDB: Uses event mutexes
2024-10-11 10:32:42 0 [Note] InnoDB: Compressed tables use zlib 1.3
2024-10-11 10:32:42 0 [Note] InnoDB: Number of pools: 1
2024-10-11 10:32:42 0 [Note] InnoDB: Using SSE2 crc32 instructions
2024-10-11 10:32:42 0 [Note] InnoDB: Initializing buffer pool, total size = 16M, instances = 1, chunk size = 16M
2024-10-11 10:32:42 0 [Note] InnoDB: Completed initialization of buffer pool
2024-10-11 10:32:43 0 [Note] InnoDB: 128 out of 128 rollback segments are active.
2024-10-11 10:32:43 0 [Note] InnoDB: Creating shared tablespace for temporary tables
2024-10-11 10:32:43 0 [Note] InnoDB: Setting file '\xampp\mysql\data\ibtmp1' size to 12 MB. Physically writing the file full; Please wait ...
2024-10-11 10:32:43 0 [Note] InnoDB: File '\xampp\mysql\data\ibtmp1' size is now 12 MB.
2024-10-11 10:32:43 0 [Note] InnoDB: Waiting for purge to start
2024-10-11 10:32:43 0 [Note] InnoDB: 10.4.32 started; log sequence number 300333; transaction id 170
2024-10-11 10:32:43 0 [Note] InnoDB: Loading buffer pool(s) from C:\xampp\mysql\data\ib_buffer_pool
2024-10-11 10:32:43 0 [Note] Plugin 'FEEDBACK' is disabled.
2024-10-11 10:32:43 0 [Note] Server socket created on IP: '::'.
2024-10-11 10:32:43 0 [Note] InnoDB: Buffer pool(s) load completed at 241011 10:32:43
2024-10-11 10:32:43 0 [Note] Reading of all Master_info entries succeeded
2024-10-11 10:32:43 0 [Note] Added new Master_info '' to hash table
2024-10-11 10:32:43 0 [Note] C:\xampp\mysql\bin\mysqld.exe: ready for connections.
Version: '10.4.32-MariaDB'  socket: ''  port: 3306  mariadb.org binary distribution
2024-10-11 18:37:47 0 [Note] C:\xampp\mysql\bin\mysqld.exe (initiated by: unknown): Normal shutdown
2024-10-11 18:37:47 0 [Note] Event Scheduler: Purging the queue. 0 events
2024-10-11 18:37:47 0 [Note] InnoDB: FTS optimize thread exiting.
2024-10-11 18:37:48 0 [Note] InnoDB: Starting shutdown...
2024-10-11 18:37:48 0 [Note] InnoDB: Dumping buffer pool(s) to C:\xampp\mysql\data\ib_buffer_pool
2024-10-11 18:37:48 0 [Note] InnoDB: Instance 0, restricted to 250 pages due to innodb_buf_pool_dump_pct=25
2024-10-11 18:37:48 0 [Note] InnoDB: Buffer pool(s) dump completed at 241011 18:37:48
2024-10-11 18:37:49 0 [Note] InnoDB: Removed temporary tablespace data file: "ibtmp1"
2024-10-11 18:37:49 0 [Note] InnoDB: Shutdown completed; log sequence number 300674; transaction id 192
2024-10-11 18:37:49 0 [Note] C:\xampp\mysql\bin\mysqld.exe: Shutdown complete

2024-10-12  8:22:05 0 [Note] Starting MariaDB 10.4.32-MariaDB source revision c4143f909528e3fab0677a28631d10389354c491 as process 3260
2024-10-12  8:22:06 0 [Note] InnoDB: Mutexes and rw_locks use Windows interlocked functions
2024-10-12  8:22:06 0 [Note] InnoDB: Uses event mutexes
2024-10-12  8:22:06 0 [Note] InnoDB: Compressed tables use zlib 1.3
2024-10-12  8:22:06 0 [Note] InnoDB: Number of pools: 1
2024-10-12  8:22:06 0 [Note] InnoDB: Using SSE2 crc32 instructions
2024-10-12  8:22:06 0 [Note] InnoDB: Initializing buffer pool, total size = 16M, instances = 1, chunk size = 16M
2024-10-12  8:22:06 0 [Note] InnoDB: Completed initialization of buffer pool
2024-10-12  8:22:08 0 [Note] InnoDB: 128 out of 128 rollback segments are active.
2024-10-12  8:22:08 0 [Note] InnoDB: Creating shared tablespace for temporary tables
2024-10-12  8:22:08 0 [Note] InnoDB: Setting file '\xampp\mysql\data\ibtmp1' size to 12 MB. Physically writing the file full; Please wait ...
2024-10-12  8:22:08 0 [Note] InnoDB: File '\xampp\mysql\data\ibtmp1' size is now 12 MB.
2024-10-12  8:22:08 0 [Note] InnoDB: Waiting for purge to start
2024-10-12  8:22:08 0 [Note] InnoDB: 10.4.32 started; log sequence number 300674; transaction id 193
2024-10-12  8:22:08 0 [Note] InnoDB: Loading buffer pool(s) from C:\xampp\mysql\data\ib_buffer_pool
2024-10-12  8:22:08 0 [Note] Plugin 'FEEDBACK' is disabled.
2024-10-12  8:22:09 0 [Note] Server socket created on IP: '::'.
2024-10-12  8:22:10 0 [Note] InnoDB: Buffer pool(s) load completed at 241012  8:22:10
2024-10-12  8:22:10 0 [Note] Reading of all Master_info entries succeeded
2024-10-12  8:22:10 0 [Note] Added new Master_info '' to hash table
2024-10-12  8:22:10 0 [Note] C:\xampp\mysql\bin\mysqld.exe: ready for connections.
Version: '10.4.32-MariaDB'  socket: ''  port: 3306  mariadb.org binary distribution
2024-10-12 18:44:32 0 [Note] C:\xampp\mysql\bin\mysqld.exe (initiated by: unknown): Normal shutdown
2024-10-12 18:44:32 0 [Note] Event Scheduler: Purging the queue. 0 events
2024-10-12 18:44:32 0 [Note] InnoDB: FTS optimize thread exiting.
2024-10-12 18:44:32 0 [Note] InnoDB: Starting shutdown...
2024-10-12 18:44:32 0 [Note] InnoDB: Dumping buffer pool(s) to C:\xampp\mysql\data\ib_buffer_pool
2024-10-12 18:44:32 0 [Note] InnoDB: Instance 0, restricted to 250 pages due to innodb_buf_pool_dump_pct=25
2024-10-12 18:44:32 0 [Note] InnoDB: Buffer pool(s) dump completed at 241012 18:44:32
2024-10-12 18:44:33 0 [Note] InnoDB: Removed temporary tablespace data file: "ibtmp1"
2024-10-12 18:44:33 0 [Note] InnoDB: Shutdown completed; log sequence number 300683; transaction id 194
2024-10-12 18:44:34 0 [Note] C:\xampp\mysql\bin\mysqld.exe: Shutdown complete

2024-10-13  8:03:18 0 [Note] Starting MariaDB 10.4.32-MariaDB source revision c4143f909528e3fab0677a28631d10389354c491 as process 3488
2024-10-13  8:03:19 0 [Note] InnoDB: Mutexes and rw_locks use Windows interlocked functions
2024-10-13  8:03:19 0 [Note] InnoDB: Uses event mutexes
2024-10-13  8:03:19 0 [Note] InnoDB: Compressed tables use zlib 1.3
2024-10-13  8:03:19 0 [Note] InnoDB: Number of pools: 1
2024-10-13  8:03:19 0 [Note] InnoDB: Using SSE2 crc32 instructions
2024-10-13  8:03:19 0 [Note] InnoDB: Initializing buffer pool, total size = 16M, instances = 1, chunk size = 16M
2024-10-13  8:03:19 0 [Note] InnoDB: Completed initialization of buffer pool
2024-10-13  8:03:21 0 [Note] InnoDB: 128 out of 128 rollback segments are active.
2024-10-13  8:03:21 0 [Note] InnoDB: Creating shared tablespace for temporary tables
2024-10-13  8:03:21 0 [Note] InnoDB: Setting file '\xampp\mysql\data\ibtmp1' size to 12 MB. Physically writing the file full; Please wait ...
2024-10-13  8:03:21 0 [Note] InnoDB: File '\xampp\mysql\data\ibtmp1' size is now 12 MB.
2024-10-13  8:03:21 0 [Note] InnoDB: Waiting for purge to start
2024-10-13  8:03:21 0 [Note] InnoDB: 10.4.32 started; log sequence number 300683; transaction id 193
2024-10-13  8:03:21 0 [Note] InnoDB: Loading buffer pool(s) from C:\xampp\mysql\data\ib_buffer_pool
2024-10-13  8:03:21 0 [Note] Plugin 'FEEDBACK' is disabled.
2024-10-13  8:03:21 0 [Note] Server socket created on IP: '::'.
2024-10-13  8:03:22 0 [Note] InnoDB: Buffer pool(s) load completed at 241013  8:03:22
2024-10-13  8:03:22 0 [Note] Reading of all Master_info entries succeeded
2024-10-13  8:03:22 0 [Note] Added new Master_info '' to hash table
2024-10-13  8:03:22 0 [Note] C:\xampp\mysql\bin\mysqld.exe: ready for connections.
Version: '10.4.32-MariaDB'  socket: ''  port: 3306  mariadb.org binary distribution
2024-10-13 18:53:35 0 [Note] C:\xampp\mysql\bin\mysqld.exe (initiated by: unknown): Normal shutdown
2024-10-13 18:53:35 0 [Note] Event Scheduler: Purging the queue. 0 events
2024-10-13 18:53:35 0 [Note] InnoDB: FTS optimize thread exiting.
2024-10-13 18:53:35 0 [Note] InnoDB: Starting shutdown...
2024-10-13 18:53:35 0 [Note] InnoDB: Dumping buffer pool(s) to C:\xampp\mysql\data\ib_buffer_pool
2024-10-13 18:53:35 0 [Note] InnoDB: Instance 0, restricted to 250 pages due to innodb_buf_pool_dump_pct=25
2024-10-13 18:53:35 0 [Note] InnoDB: Buffer pool(s) dump completed at 241013 18:53:35
2024-10-13 18:53:36 0 [Note] InnoDB: Removed temporary tablespace data file: "ibtmp1"
2024-10-13 18:53:36 0 [Note] InnoDB: Shutdown completed; log sequence number 396724; transaction id 461
2024-10-13 18:53:36 0 [Note] C:\xampp\mysql\bin\mysqld.exe: Shutdown complete

2024-10-14  8:07:42 0 [Note] Starting MariaDB 10.4.32-MariaDB source revision c4143f909528e3fab0677a28631d10389354c491 as process 3308
2024-10-14  8:07:43 0 [Note] InnoDB: Mutexes and rw_locks use Windows interlocked functions
2024-10-14  8:07:43 0 [Note] InnoDB: Uses event mutexes
2024-10-14  8:07:43 0 [Note] InnoDB: Compressed tables use zlib 1.3
2024-10-14  8:07:43 0 [Note] InnoDB: Number of pools: 1
2024-10-14  8:07:43 0 [Note] InnoDB: Using SSE2 crc32 instructions
2024-10-14  8:07:43 0 [Note] InnoDB: Initializing buffer pool, total size = 16M, instances = 1, chunk size = 16M
2024-10-14  8:07:43 0 [Note] InnoDB: Completed initialization of buffer pool
2024-10-14  8:07:45 0 [Note] InnoDB: 128 out of 128 rollback segments are active.
2024-10-14  8:07:45 0 [Note] InnoDB: Creating shared tablespace for temporary tables
2024-10-14  8:07:45 0 [Note] InnoDB: Setting file '\xampp\mysql\data\ibtmp1' size to 12 MB. Physically writing the file full; Please wait ...
2024-10-14  8:07:45 0 [Note] InnoDB: File '\xampp\mysql\data\ibtmp1' size is now 12 MB.
2024-10-14  8:07:45 0 [Note] InnoDB: Waiting for purge to start
2024-10-14  8:07:45 0 [Note] InnoDB: 10.4.32 started; log sequence number 396724; transaction id 462
2024-10-14  8:07:45 0 [Note] InnoDB: Loading buffer pool(s) from C:\xampp\mysql\data\ib_buffer_pool
2024-10-14  8:07:45 0 [Note] Plugin 'FEEDBACK' is disabled.
2024-10-14  8:07:46 0 [Note] InnoDB: Buffer pool(s) load completed at 241014  8:07:46
2024-10-14  8:07:46 0 [Note] Server socket created on IP: '::'.
2024-10-14  8:07:46 0 [Note] Reading of all Master_info entries succeeded
2024-10-14  8:07:46 0 [Note] Added new Master_info '' to hash table
2024-10-14  8:07:46 0 [Note] C:\xampp\mysql\bin\mysqld.exe: ready for connections.
Version: '10.4.32-MariaDB'  socket: ''  port: 3306  mariadb.org binary distribution
